Android_projet/app/build/intermediates/manifest_merge_blame_file/debug/manifest-merger-blame-debug-report.txt
1<?xml version="1.0" encoding="utf-8"?>
2<manifest xmlns:android="http://schemas.android.com/apk/res/android"
3    package="com.example.android_projet"
4    android:versionCode="1"
5    android:versionName="1.0" >
6
7    <uses-sdk
8        android:minSdkVersion="28"
8-->src\main\AndroidManifest.xml
9        android:targetSdkVersion="30" />
9-->src\main\AndroidManifest.xml
10
11    <uses-permission android:name="android.permission.CAMERA" />
11-->src\main\AndroidManifest.xml:5:5-64
11-->src\main\AndroidManifest.xml:5:22-62
12    <uses-permission android:name="android.permission.WRITE_EXTERNAL_STORAGE" />
12-->src\main\AndroidManifest.xml:6:5-80
12-->src\main\AndroidManifest.xml:6:22-78
13    <uses-permission android:name="android.permission.READ_EXTERNAL_STORAGE" />
13-->src\main\AndroidManifest.xml:7:5-80
13-->src\main\AndroidManifest.xml:7:22-77
14
15    <!-- Include required permissions for Google Maps API to run. -->
16    <uses-permission android:name="android.permission.ACCESS_NETWORK_STATE" />
16-->[com.google.android.gms:play-services-maps:18.0.0] AndroidManifest.xml:23:5-79
16-->[com.google.android.gms:play-services-maps:18.0.0] AndroidManifest.xml:23:22-76
17    <uses-permission android:name="android.permission.INTERNET" />
17-->[com.google.android.gms:play-services-maps:18.0.0] AndroidManifest.xml:24:5-67
17-->[com.google.android.gms:play-services-maps:18.0.0] AndroidManifest.xml:24:22-64
18
19    <uses-feature
19-->[com.google.android.gms:play-services-maps:18.0.0] AndroidManifest.xml:26:5-28:35
20        android:glEsVersion="0x00020000"
20-->[com.google.android.gms:play-services-maps:18.0.0] AndroidManifest.xml:27:9-41
21        android:required="true" />
21-->[com.google.android.gms:play-services-maps:18.0.0] AndroidManifest.xml:28:9-32
22
23    <queries>
23-->[com.google.android.gms:play-services-maps:18.0.0] AndroidManifest.xml:30:5-34:15
24
25        <!-- Needs to be explicitly declared on Android R+ -->
26        <package android:name="com.google.android.apps.maps" />
26-->[com.google.android.gms:play-services-maps:18.0.0] AndroidManifest.xml:33:9-64
26-->[com.google.android.gms:play-services-maps:18.0.0] AndroidManifest.xml:33:18-61
27    </queries>
28
29    <supports-screens
29-->[org.osmdroid:osmdroid-android:5.6.5] AndroidManifest.xml:11:5-14:40
30        android:anyDensity="true"
30-->[org.osmdroid:osmdroid-android:5.6.5] AndroidManifest.xml:12:9-34
31        android:largeScreens="true"
31-->[org.osmdroid:osmdroid-android:5.6.5] AndroidManifest.xml:13:9-36
32        android:normalScreens="true" />
32-->[org.osmdroid:osmdroid-android:5.6.5] AndroidManifest.xml:14:9-37
33
34    <uses-permission android:name="android.permission.ACCESS_FINE_LOCATION" />
34-->[org.osmdroid:osmdroid-android:5.6.5] AndroidManifest.xml:16:5-79
34-->[org.osmdroid:osmdroid-android:5.6.5] AndroidManifest.xml:16:22-76
35    <uses-permission android:name="android.permission.ACCESS_COARSE_LOCATION" />
35-->[org.osmdroid:osmdroid-android:5.6.5] AndroidManifest.xml:17:5-81
35-->[org.osmdroid:osmdroid-android:5.6.5] AndroidManifest.xml:17:22-78
36    <uses-permission android:name="android.permission.ACCESS_WIFI_STATE" />
36-->[org.osmdroid:osmdroid-android:5.6.5] AndroidManifest.xml:18:5-76
36-->[org.osmdroid:osmdroid-android:5.6.5] AndroidManifest.xml:18:22-73
37
38    <uses-feature
38-->[org.osmdroid:osmdroid-android:5.6.5] AndroidManifest.xml:24:5-26:36
39        android:name="android.hardware.location.network"
39-->[org.osmdroid:osmdroid-android:5.6.5] AndroidManifest.xml:25:9-57
40        android:required="false" />
40-->[org.osmdroid:osmdroid-android:5.6.5] AndroidManifest.xml:26:9-33
41    <uses-feature
41-->[org.osmdroid:osmdroid-android:5.6.5] AndroidManifest.xml:27:5-29:36
42        android:name="android.hardware.location.gps"
42-->[org.osmdroid:osmdroid-android:5.6.5] AndroidManifest.xml:28:9-53
43        android:required="false" />
43-->[org.osmdroid:osmdroid-android:5.6.5] AndroidManifest.xml:29:9-33
44    <uses-feature
44-->[org.osmdroid:osmdroid-android:5.6.5] AndroidManifest.xml:30:5-32:36
45        android:name="android.hardware.telephony"
45-->[org.osmdroid:osmdroid-android:5.6.5] AndroidManifest.xml:31:9-50
46        android:required="false" />
46-->[org.osmdroid:osmdroid-android:5.6.5] AndroidManifest.xml:32:9-33
47    <uses-feature
47-->[org.osmdroid:osmdroid-android:5.6.5] AndroidManifest.xml:33:5-35:36
48        android:name="android.hardware.wifi"
48-->[org.osmdroid:osmdroid-android:5.6.5] AndroidManifest.xml:34:9-45
49        android:required="false" />
49-->[org.osmdroid:osmdroid-android:5.6.5] AndroidManifest.xml:35:9-33
50
51    <application
51-->src\main\AndroidManifest.xml:9:5-33:19
52        android:allowBackup="true"
52-->src\main\AndroidManifest.xml:10:13-39
53        android:appComponentFactory="androidx.core.app.CoreComponentFactory"
53-->[androidx.core:core:1.5.0] AndroidManifest.xml:24:18-86
54        android:debuggable="true"
55        android:extractNativeLibs="false"
56        android:icon="@mipmap/ic_launcher"
56-->src\main\AndroidManifest.xml:11:13-47
57        android:label="@string/app_name"
57-->src\main\AndroidManifest.xml:12:13-45
58        android:roundIcon="@mipmap/ic_launcher_round"
58-->src\main\AndroidManifest.xml:13:13-58
59        android:supportsRtl="true"
59-->src\main\AndroidManifest.xml:14:13-39
60        android:testOnly="true"
61        android:theme="@style/Theme.Android_projet" >
61-->src\main\AndroidManifest.xml:15:13-56
62        <activity android:name="com.example.android_projet.createService.CreateServiceActivity" >
62-->src\main\AndroidManifest.xml:16:9-17:20
62-->src\main\AndroidManifest.xml:16:19-70
63        </activity>
64        <activity android:name="com.example.android_projet.showService.ShowServiceActivity" >
64-->src\main\AndroidManifest.xml:18:9-19:20
64-->src\main\AndroidManifest.xml:18:19-66
65        </activity>
66        <activity android:name="com.example.android_projet.menuServices.MenuServicesActivity" >
66-->src\main\AndroidManifest.xml:20:9-21:20
66-->src\main\AndroidManifest.xml:20:19-68
67        </activity>
68        <activity android:name="com.example.android_projet.ProfilSetActivity" >
68-->src\main\AndroidManifest.xml:22:9-23:20
68-->src\main\AndroidManifest.xml:22:19-52
69        </activity>
70        <activity android:name="com.example.android_projet.RegisterActivity" >
70-->src\main\AndroidManifest.xml:24:9-25:20
70-->src\main\AndroidManifest.xml:24:19-51
71        </activity>
72        <activity android:name="com.example.android_projet.MainActivity" >
72-->src\main\AndroidManifest.xml:26:9-32:20
72-->src\main\AndroidManifest.xml:26:19-47
73            <intent-filter>
73-->src\main\AndroidManifest.xml:27:13-31:29
74                <action android:name="android.intent.action.MAIN" />
74-->src\main\AndroidManifest.xml:28:17-68
74-->src\main\AndroidManifest.xml:28:25-66
75
76                <category android:name="android.intent.category.LAUNCHER" />
76-->src\main\AndroidManifest.xml:30:17-76
76-->src\main\AndroidManifest.xml:30:27-74
77            </intent-filter>
78        </activity>
79        <!-- Needs to be explicitly declared on P+ -->
80        <uses-library
80-->[com.google.android.gms:play-services-maps:18.0.0] AndroidManifest.xml:39:9-41:40
81            android:name="org.apache.http.legacy"
81-->[com.google.android.gms:play-services-maps:18.0.0] AndroidManifest.xml:40:13-50
82            android:required="false" />
82-->[com.google.android.gms:play-services-maps:18.0.0] AndroidManifest.xml:41:13-37
83
84        <activity
84-->[com.google.firebase:firebase-auth:21.0.1] AndroidManifest.xml:27:9-44:20
85            android:name="com.google.firebase.auth.internal.GenericIdpActivity"
85-->[com.google.firebase:firebase-auth:21.0.1] AndroidManifest.xml:28:13-80
86            android:excludeFromRecents="true"
86-->[com.google.firebase:firebase-auth:21.0.1] AndroidManifest.xml:29:13-46
87            android:exported="true"
87-->[com.google.firebase:firebase-auth:21.0.1] AndroidManifest.xml:30:13-36
88            android:launchMode="singleTask"
88-->[com.google.firebase:firebase-auth:21.0.1] AndroidManifest.xml:31:13-44
89            android:theme="@android:style/Theme.Translucent.NoTitleBar" >
89-->[com.google.firebase:firebase-auth:21.0.1] AndroidManifest.xml:32:13-72
90            <intent-filter>
90-->[com.google.firebase:firebase-auth:21.0.1] AndroidManifest.xml:33:13-43:29
91                <action android:name="android.intent.action.VIEW" />
91-->[com.google.firebase:firebase-auth:21.0.1] AndroidManifest.xml:34:17-69
91-->[com.google.firebase:firebase-auth:21.0.1] AndroidManifest.xml:34:25-66
92
93                <category android:name="android.intent.category.DEFAULT" />
93-->[com.google.firebase:firebase-auth:21.0.1] AndroidManifest.xml:36:17-76
93-->[com.google.firebase:firebase-auth:21.0.1] AndroidManifest.xml:36:27-73
94                <category android:name="android.intent.category.BROWSABLE" />
94-->[com.google.firebase:firebase-auth:21.0.1] AndroidManifest.xml:37:17-78
94-->[com.google.firebase:firebase-auth:21.0.1] AndroidManifest.xml:37:27-75
95
96                <data
96-->[com.google.firebase:firebase-auth:21.0.1] AndroidManifest.xml:39:17-42:51
97                    android:host="firebase.auth"
97-->[com.google.firebase:firebase-auth:21.0.1] AndroidManifest.xml:40:21-49
98                    android:path="/"
98-->[com.google.firebase:firebase-auth:21.0.1] AndroidManifest.xml:41:21-37
99                    android:scheme="genericidp" />
99-->[com.google.firebase:firebase-auth:21.0.1] AndroidManifest.xml:42:21-48
100            </intent-filter>
101        </activity>
102        <activity
102-->[com.google.firebase:firebase-auth:21.0.1] AndroidManifest.xml:45:9-62:20
103            android:name="com.google.firebase.auth.internal.RecaptchaActivity"
103-->[com.google.firebase:firebase-auth:21.0.1] AndroidManifest.xml:46:13-79
104            android:excludeFromRecents="true"
104-->[com.google.firebase:firebase-auth:21.0.1] AndroidManifest.xml:47:13-46
105            android:exported="true"
105-->[com.google.firebase:firebase-auth:21.0.1] AndroidManifest.xml:48:13-36
106            android:launchMode="singleTask"
106-->[com.google.firebase:firebase-auth:21.0.1] AndroidManifest.xml:49:13-44
107            android:theme="@android:style/Theme.Translucent.NoTitleBar" >
107-->[com.google.firebase:firebase-auth:21.0.1] AndroidManifest.xml:50:13-72
108            <intent-filter>
108-->[com.google.firebase:firebase-auth:21.0.1] AndroidManifest.xml:51:13-61:29
109                <action android:name="android.intent.action.VIEW" />
109-->[com.google.firebase:firebase-auth:21.0.1] AndroidManifest.xml:34:17-69
109-->[com.google.firebase:firebase-auth:21.0.1] AndroidManifest.xml:34:25-66
110
111                <category android:name="android.intent.category.DEFAULT" />
111-->[com.google.firebase:firebase-auth:21.0.1] AndroidManifest.xml:36:17-76
111-->[com.google.firebase:firebase-auth:21.0.1] AndroidManifest.xml:36:27-73
112                <category android:name="android.intent.category.BROWSABLE" />
112-->[com.google.firebase:firebase-auth:21.0.1] AndroidManifest.xml:37:17-78
112-->[com.google.firebase:firebase-auth:21.0.1] AndroidManifest.xml:37:27-75
113
114                <data
114-->[com.google.firebase:firebase-auth:21.0.1] AndroidManifest.xml:39:17-42:51
115                    android:host="firebase.auth"
115-->[com.google.firebase:firebase-auth:21.0.1] AndroidManifest.xml:40:21-49
116                    android:path="/"
116-->[com.google.firebase:firebase-auth:21.0.1] AndroidManifest.xml:41:21-37
117                    android:scheme="recaptcha" />
117-->[com.google.firebase:firebase-auth:21.0.1] AndroidManifest.xml:42:21-48
118            </intent-filter>
119        </activity>
120
121        <service
121-->[com.google.firebase:firebase-auth:21.0.1] AndroidManifest.xml:64:9-73:19
122            android:name="com.google.firebase.auth.api.fallback.service.FirebaseAuthFallbackService"
122-->[com.google.firebase:firebase-auth:21.0.1] AndroidManifest.xml:65:13-101
123            android:enabled="true"
123-->[com.google.firebase:firebase-auth:21.0.1] AndroidManifest.xml:66:13-35
124            android:exported="false" >
124-->[com.google.firebase:firebase-auth:21.0.1] AndroidManifest.xml:67:13-37
125            <intent-filter>
125-->[com.google.firebase:firebase-auth:21.0.1] AndroidManifest.xml:68:13-72:29
126                <action android:name="com.google.firebase.auth.api.gms.service.START" />
126-->[com.google.firebase:firebase-auth:21.0.1] AndroidManifest.xml:69:17-89
126-->[com.google.firebase:firebase-auth:21.0.1] AndroidManifest.xml:69:25-86
127
128                <category android:name="android.intent.category.DEFAULT" />
128-->[com.google.firebase:firebase-auth:21.0.1] AndroidManifest.xml:36:17-76
128-->[com.google.firebase:firebase-auth:21.0.1] AndroidManifest.xml:36:27-73
129            </intent-filter>
130        </service>
131        <service
131-->[com.google.firebase:firebase-auth:21.0.1] AndroidManifest.xml:74:9-80:19
132            android:name="com.google.firebase.components.ComponentDiscoveryService"
132-->[com.google.firebase:firebase-auth:21.0.1] AndroidManifest.xml:75:13-84
133            android:directBootAware="true"
133-->[com.google.firebase:firebase-common:20.0.0] AndroidManifest.xml:35:13-43
134            android:exported="false" >
134-->[com.google.firebase:firebase-auth:21.0.1] AndroidManifest.xml:76:13-37
135            <meta-data
135-->[com.google.firebase:firebase-auth:21.0.1] AndroidManifest.xml:77:13-79:85
136                android:name="com.google.firebase.components:com.google.firebase.auth.FirebaseAuthRegistrar"
136-->[com.google.firebase:firebase-auth:21.0.1] AndroidManifest.xml:78:17-109
137                android:value="com.google.firebase.components.ComponentRegistrar" />
137-->[com.google.firebase:firebase-auth:21.0.1] AndroidManifest.xml:79:17-82
138            <meta-data
138-->[com.google.firebase:firebase-firestore:24.0.0] AndroidManifest.xml:20:13-22:85
139                android:name="com.google.firebase.components:com.google.firebase.firestore.FirestoreRegistrar"
139-->[com.google.firebase:firebase-firestore:24.0.0] AndroidManifest.xml:21:17-111
140                android:value="com.google.firebase.components.ComponentRegistrar" />
140-->[com.google.firebase:firebase-firestore:24.0.0] AndroidManifest.xml:22:17-82
141        </service>
142
143        <provider
143-->[com.google.firebase:firebase-common:20.0.0] AndroidManifest.xml:26:9-31:39
144            android:name="com.google.firebase.provider.FirebaseInitProvider"
144-->[com.google.firebase:firebase-common:20.0.0] AndroidManifest.xml:27:13-77
145            android:authorities="com.example.android_projet.firebaseinitprovider"
145-->[com.google.firebase:firebase-common:20.0.0] AndroidManifest.xml:28:13-72
146            android:directBootAware="true"
146-->[com.google.firebase:firebase-common:20.0.0] AndroidManifest.xml:29:13-43
147            android:exported="false"
147-->[com.google.firebase:firebase-common:20.0.0] AndroidManifest.xml:30:13-37
148            android:initOrder="100" />
148-->[com.google.firebase:firebase-common:20.0.0] AndroidManifest.xml:31:13-36
149
150        <activity
150-->[com.google.android.gms:play-services-base:17.1.0] AndroidManifest.xml:23:9-26:75
151            android:name="com.google.android.gms.common.api.GoogleApiActivity"
151-->[com.google.android.gms:play-services-base:17.1.0] AndroidManifest.xml:24:13-79
152            android:exported="false"
152-->[com.google.android.gms:play-services-base:17.1.0] AndroidManifest.xml:25:13-37
153            android:theme="@android:style/Theme.Translucent.NoTitleBar" />
153-->[com.google.android.gms:play-services-base:17.1.0] AndroidManifest.xml:26:13-72
154
155        <meta-data
155-->[com.google.android.gms:play-services-basement:17.1.0] AndroidManifest.xml:23:9-25:69
156            android:name="com.google.android.gms.version"
156-->[com.google.android.gms:play-services-basement:17.1.0] AndroidManifest.xml:24:13-58
157            android:value="@integer/google_play_services_version" />
157-->[com.google.android.gms:play-services-basement:17.1.0] AndroidManifest.xml:25:13-66
158    </application>
159
160</manifest>